<?xml version="1.0" encoding="UTF-8"?>
<!-- Generated by org.testng.reporters.JUnitXMLReporter -->
<testsuite ignored="0" hostname="sathish" failures="0" tests="4" name="Test" time="0.049" errors="0" timestamp="2022-07-14T23:31:04 IST">
  <testcase classname="mavendemo.day1.firstTest" name="aTest" time="0.006"/>
  <testcase classname="mavendemo.day1.firstTest" name="bTest" time="0.001"/>
  <testcase classname="mavendemo.day1.secondTest" name="aTest" time="0.001"/>
  <testcase classname="mavendemo.day1.secondTest" name="bTest" time="0.001"/>
</testsuite> <!-- Test -->
