<?xml version="1.0" encoding="UTF-8"?>
<!-- Generated by org.testng.reporters.JUnitXMLReporter -->
<testsuite hostname="sathish" ignored="0" name="Command line test" tests="6" failures="0" timestamp="2022-07-15T00:17:02 IST" time="0.04" errors="0">
  <testcase name="aTest" time="0.003" classname="mavendemo.day1.firstTest"/>
  <testcase name="bTest" time="0.0" classname="mavendemo.day1.firstTest"/>
  <testcase name="aTest" time="0.0" classname="mavendemo.day1.secondTest"/>
  <testcase name="bTest" time="0.0" classname="mavendemo.day1.secondTest"/>
  <testcase name="aTest" time="0.0" classname="mavendemo.day1.thirdTest"/>
  <testcase name="bTest" time="0.0" classname="mavendemo.day1.thirdTest"/>
</testsuite> <!-- Command line test -->
