<?xml version="1.0" encoding="UTF-8"?>
<!-- Generated by org.testng.reporters.JUnitXMLReporter -->
<testsuite hostname="sathish" ignored="0" name="Test" tests="6" failures="1" timestamp="2022-07-15T01:35:37 IST" time="0.049" errors="0">
  <testcase name="aTest" time="0.005" classname="mavendemo.day1.firstTest">
    <failure type="java.lang.AssertionError" message="expected [true] but found [false]">
      <![CDATA[java.lang.AssertionError: expected [true] but found [false]
at mavendemo.day1.firstTest.aTest(firstTest.java:10)
at java.util.ArrayList.forEach(ArrayList.java:1257)
... Removed 35 stack frames]]>
    </failure>
  </testcase> <!-- aTest -->
  <testcase name="bTest" time="0.0" classname="mavendemo.day1.firstTest"/>
  <testcase name="aTest" time="0.0" classname="mavendemo.day1.secondTest"/>
  <testcase name="bTest" time="0.0" classname="mavendemo.day1.secondTest"/>
  <testcase name="aTest" time="0.0" classname="mavendemo.day1.thirdTest"/>
  <testcase name="bTest" time="0.0" classname="mavendemo.day1.thirdTest"/>
</testsuite> <!-- Test -->
