<?xml version="1.0" encoding="UTF-8"?>
<testsuite xmlns:xsi="http://www.w3.org/2001/XMLSchema-instance" xsi:noNamespaceSchemaLocation="https://maven.apache.org/surefire/maven-surefire-plugin/xsd/surefire-test-report.xsd" name="TestSuite" time="0.645" tests="6" errors="0" skipped="0" failures="1">
  <properties>
[...]
</properties>
  <testcase name="aTest" classname="mavendemo.day1.firstTest" time="0.01">
    <failure message="expected [true] but found [false]" type="java.lang.AssertionError">java.lang.AssertionError: expected [true] but found [false]
	at mavendemo.day1.firstTest.aTest(firstTest.java:10)
</failure>
    <system-out><![CDATA[hi kkkkkkkkkkkkk
]]></system-out>
  </testcase>
  <testcase name="bTest" classname="mavendemo.day1.firstTest" time="0"/>
  <testcase name="aTest" classname="mavendemo.day1.secondTest" time="0.001"/>
  <testcase name="bTest" classname="mavendemo.day1.secondTest" time="0"/>
  <testcase name="aTest" classname="mavendemo.day1.thirdTest" time="0"/>
  <testcase name="bTest" classname="mavendemo.day1.thirdTest" time="0"/>
</testsuite>